mode: atomic
github.com/bjartek/go-with-the-flow/v2/gwtf/transaction.go:16.85,25.2 1 6
github.com/bjartek/go-with-the-flow/v2/gwtf/transaction.go:28.76,38.2 1 14
github.com/bjartek/go-with-the-flow/v2/gwtf/transaction.go:41.74,44.2 2 0
github.com/bjartek/go-with-the-flow/v2/gwtf/transaction.go:47.91,50.2 2 14
github.com/bjartek/go-with-the-flow/v2/gwtf/transaction.go:53.85,56.16 3 6
github.com/bjartek/go-with-the-flow/v2/gwtf/transaction.go:59.2,60.10 2 6
github.com/bjartek/go-with-the-flow/v2/gwtf/transaction.go:56.16,58.3 1 0
github.com/bjartek/go-with-the-flow/v2/gwtf/transaction.go:64.87,68.2 3 1
github.com/bjartek/go-with-the-flow/v2/gwtf/transaction.go:71.84,76.2 3 5
github.com/bjartek/go-with-the-flow/v2/gwtf/transaction.go:79.85,81.2 1 5
github.com/bjartek/go-with-the-flow/v2/gwtf/transaction.go:84.84,86.2 1 0
github.com/bjartek/go-with-the-flow/v2/gwtf/transaction.go:89.84,91.2 1 0
github.com/bjartek/go-with-the-flow/v2/gwtf/transaction.go:94.79,96.2 1 0
github.com/bjartek/go-with-the-flow/v2/gwtf/transaction.go:99.81,101.2 1 0
github.com/bjartek/go-with-the-flow/v2/gwtf/transaction.go:104.83,106.2 1 0
github.com/bjartek/go-with-the-flow/v2/gwtf/transaction.go:109.83,111.2 1 0
github.com/bjartek/go-with-the-flow/v2/gwtf/transaction.go:114.83,116.2 1 0
github.com/bjartek/go-with-the-flow/v2/gwtf/transaction.go:119.82,121.2 1 0
github.com/bjartek/go-with-the-flow/v2/gwtf/transaction.go:124.82,126.2 1 0
github.com/bjartek/go-with-the-flow/v2/gwtf/transaction.go:129.81,131.2 1 0
github.com/bjartek/go-with-the-flow/v2/gwtf/transaction.go:134.83,136.2 1 0
github.com/bjartek/go-with-the-flow/v2/gwtf/transaction.go:139.85,141.2 1 0
github.com/bjartek/go-with-the-flow/v2/gwtf/transaction.go:144.85,146.2 1 0
github.com/bjartek/go-with-the-flow/v2/gwtf/transaction.go:149.85,151.2 1 0
github.com/bjartek/go-with-the-flow/v2/gwtf/transaction.go:154.84,156.2 1 0
github.com/bjartek/go-with-the-flow/v2/gwtf/transaction.go:159.84,161.2 1 0
github.com/bjartek/go-with-the-flow/v2/gwtf/transaction.go:164.83,166.2 1 0
github.com/bjartek/go-with-the-flow/v2/gwtf/transaction.go:169.85,171.2 1 0
github.com/bjartek/go-with-the-flow/v2/gwtf/transaction.go:174.85,176.2 1 0
github.com/bjartek/go-with-the-flow/v2/gwtf/transaction.go:179.85,181.2 1 0
github.com/bjartek/go-with-the-flow/v2/gwtf/transaction.go:184.84,186.16 2 0
github.com/bjartek/go-with-the-flow/v2/gwtf/transaction.go:189.2,189.27 1 0
github.com/bjartek/go-with-the-flow/v2/gwtf/transaction.go:186.16,187.13 1 0
github.com/bjartek/go-with-the-flow/v2/gwtf/transaction.go:193.118,195.2 1 0
github.com/bjartek/go-with-the-flow/v2/gwtf/transaction.go:197.59,199.16 2 0
github.com/bjartek/go-with-the-flow/v2/gwtf/transaction.go:203.2,205.16 3 0
github.com/bjartek/go-with-the-flow/v2/gwtf/transaction.go:209.2,209.38 1 0
github.com/bjartek/go-with-the-flow/v2/gwtf/transaction.go:199.16,200.13 1 0
github.com/bjartek/go-with-the-flow/v2/gwtf/transaction.go:205.16,206.13 1 0
github.com/bjartek/go-with-the-flow/v2/gwtf/transaction.go:213.85,215.16 2 5
github.com/bjartek/go-with-the-flow/v2/gwtf/transaction.go:218.2,218.27 1 5
github.com/bjartek/go-with-the-flow/v2/gwtf/transaction.go:215.16,216.13 1 0
github.com/bjartek/go-with-the-flow/v2/gwtf/transaction.go:222.86,225.2 2 16
github.com/bjartek/go-with-the-flow/v2/gwtf/transaction.go:228.84,232.2 3 1
github.com/bjartek/go-with-the-flow/v2/gwtf/transaction.go:235.54,237.2 1 0
github.com/bjartek/go-with-the-flow/v2/gwtf/transaction.go:240.82,242.2 1 0
github.com/bjartek/go-with-the-flow/v2/gwtf/transaction.go:245.52,247.16 2 0
github.com/bjartek/go-with-the-flow/v2/gwtf/transaction.go:251.2,251.15 1 0
github.com/bjartek/go-with-the-flow/v2/gwtf/transaction.go:247.16,250.3 2 0
github.com/bjartek/go-with-the-flow/v2/gwtf/transaction.go:255.62,256.25 1 20
github.com/bjartek/go-with-the-flow/v2/gwtf/transaction.go:260.2,262.16 3 20
github.com/bjartek/go-with-the-flow/v2/gwtf/transaction.go:266.2,271.33 4 20
github.com/bjartek/go-with-the-flow/v2/gwtf/transaction.go:275.2,286.16 2 20
github.com/bjartek/go-with-the-flow/v2/gwtf/transaction.go:290.2,290.33 1 20
github.com/bjartek/go-with-the-flow/v2/gwtf/transaction.go:302.2,308.16 6 20
github.com/bjartek/go-with-the-flow/v2/gwtf/transaction.go:312.2,312.22 1 20
github.com/bjartek/go-with-the-flow/v2/gwtf/transaction.go:316.2,317.24 2 20
github.com/bjartek/go-with-the-flow/v2/gwtf/transaction.go:256.25,258.3 1 0
github.com/bjartek/go-with-the-flow/v2/gwtf/transaction.go:262.16,264.3 1 0
github.com/bjartek/go-with-the-flow/v2/gwtf/transaction.go:271.33,273.3 1 21
github.com/bjartek/go-with-the-flow/v2/gwtf/transaction.go:286.16,288.3 1 0
github.com/bjartek/go-with-the-flow/v2/gwtf/transaction.go:290.33,292.17 2 21
github.com/bjartek/go-with-the-flow/v2/gwtf/transaction.go:296.3,297.17 2 21
github.com/bjartek/go-with-the-flow/v2/gwtf/transaction.go:292.17,294.4 1 0
github.com/bjartek/go-with-the-flow/v2/gwtf/transaction.go:297.17,299.4 1 0
github.com/bjartek/go-with-the-flow/v2/gwtf/transaction.go:308.16,310.3 1 0
github.com/bjartek/go-with-the-flow/v2/gwtf/transaction.go:312.22,314.3 1 0
github.com/bjartek/go-with-the-flow/v2/gwtf/transaction.go:320.86,323.21 3 20
github.com/bjartek/go-with-the-flow/v2/gwtf/transaction.go:329.2,329.18 1 20
github.com/bjartek/go-with-the-flow/v2/gwtf/transaction.go:323.21,325.17 2 6
github.com/bjartek/go-with-the-flow/v2/gwtf/transaction.go:325.17,327.4 1 0
github.com/bjartek/go-with-the-flow/v2/gwtf/account.go:12.77,15.16 3 3
github.com/bjartek/go-with-the-flow/v2/gwtf/account.go:19.2,24.39 4 3
github.com/bjartek/go-with-the-flow/v2/gwtf/account.go:54.2,54.10 1 3
github.com/bjartek/go-with-the-flow/v2/gwtf/account.go:15.16,17.3 1 0
github.com/bjartek/go-with-the-flow/v2/gwtf/account.go:24.39,28.17 3 9
github.com/bjartek/go-with-the-flow/v2/gwtf/account.go:32.3,32.71 1 9
github.com/bjartek/go-with-the-flow/v2/gwtf/account.go:37.3,44.17 2 6
github.com/bjartek/go-with-the-flow/v2/gwtf/account.go:48.3,48.37 1 6
github.com/bjartek/go-with-the-flow/v2/gwtf/account.go:52.3,52.57 1 6
github.com/bjartek/go-with-the-flow/v2/gwtf/account.go:28.17,30.4 1 0
github.com/bjartek/go-with-the-flow/v2/gwtf/account.go:32.71,34.12 2 3
github.com/bjartek/go-with-the-flow/v2/gwtf/account.go:44.17,46.4 1 0
github.com/bjartek/go-with-the-flow/v2/gwtf/account.go:48.37,50.4 1 0
github.com/bjartek/go-with-the-flow/v2/gwtf/account.go:58.62,60.71 2 3
github.com/bjartek/go-with-the-flow/v2/gwtf/account.go:64.2,64.10 1 3
github.com/bjartek/go-with-the-flow/v2/gwtf/account.go:60.71,62.3 1 0
github.com/bjartek/go-with-the-flow/v2/gwtf/discord.go:18.51,26.2 3 0
github.com/bjartek/go-with-the-flow/v2/gwtf/discord.go:29.99,31.16 2 0
github.com/bjartek/go-with-the-flow/v2/gwtf/discord.go:35.2,41.16 2 0
github.com/bjartek/go-with-the-flow/v2/gwtf/discord.go:44.2,44.20 1 0
github.com/bjartek/go-with-the-flow/v2/gwtf/discord.go:31.16,33.3 1 0
github.com/bjartek/go-with-the-flow/v2/gwtf/discord.go:41.16,43.3 1 0
github.com/bjartek/go-with-the-flow/v2/gwtf/discord.go:48.78,50.31 2 0
github.com/bjartek/go-with-the-flow/v2/gwtf/discord.go:70.2,72.3 1 0
github.com/bjartek/go-with-the-flow/v2/gwtf/discord.go:50.31,53.41 2 0
github.com/bjartek/go-with-the-flow/v2/gwtf/discord.go:60.3,67.5 1 0
github.com/bjartek/go-with-the-flow/v2/gwtf/discord.go:53.41,58.4 1 0
github.com/bjartek/go-with-the-flow/v2/gwtf/script.go:23.66,30.2 1 0
github.com/bjartek/go-with-the-flow/v2/gwtf/script.go:33.75,40.2 1 2
github.com/bjartek/go-with-the-flow/v2/gwtf/script.go:43.74,48.2 3 1
github.com/bjartek/go-with-the-flow/v2/gwtf/script.go:51.77,56.2 3 1
github.com/bjartek/go-with-the-flow/v2/gwtf/script.go:59.108,61.2 1 0
github.com/bjartek/go-with-the-flow/v2/gwtf/script.go:64.76,67.2 2 2
github.com/bjartek/go-with-the-flow/v2/gwtf/script.go:70.75,72.2 1 0
github.com/bjartek/go-with-the-flow/v2/gwtf/script.go:75.74,77.2 1 0
github.com/bjartek/go-with-the-flow/v2/gwtf/script.go:80.74,82.2 1 0
github.com/bjartek/go-with-the-flow/v2/gwtf/script.go:85.69,87.2 1 0
github.com/bjartek/go-with-the-flow/v2/gwtf/script.go:90.71,92.2 1 0
github.com/bjartek/go-with-the-flow/v2/gwtf/script.go:95.73,97.2 1 0
github.com/bjartek/go-with-the-flow/v2/gwtf/script.go:100.73,102.2 1 0
github.com/bjartek/go-with-the-flow/v2/gwtf/script.go:105.73,107.2 1 0
github.com/bjartek/go-with-the-flow/v2/gwtf/script.go:110.72,112.2 1 0
github.com/bjartek/go-with-the-flow/v2/gwtf/script.go:115.72,117.2 1 0
github.com/bjartek/go-with-the-flow/v2/gwtf/script.go:120.71,122.2 1 0
github.com/bjartek/go-with-the-flow/v2/gwtf/script.go:125.73,127.2 1 0
github.com/bjartek/go-with-the-flow/v2/gwtf/script.go:130.75,132.2 1 0
github.com/bjartek/go-with-the-flow/v2/gwtf/script.go:135.75,137.2 1 0
github.com/bjartek/go-with-the-flow/v2/gwtf/script.go:140.75,142.2 1 0
github.com/bjartek/go-with-the-flow/v2/gwtf/script.go:145.74,147.2 1 0
github.com/bjartek/go-with-the-flow/v2/gwtf/script.go:150.74,152.2 1 0
github.com/bjartek/go-with-the-flow/v2/gwtf/script.go:155.73,157.2 1 0
github.com/bjartek/go-with-the-flow/v2/gwtf/script.go:160.75,162.2 1 0
github.com/bjartek/go-with-the-flow/v2/gwtf/script.go:165.75,167.2 1 0
github.com/bjartek/go-with-the-flow/v2/gwtf/script.go:170.75,172.2 1 0
github.com/bjartek/go-with-the-flow/v2/gwtf/script.go:175.74,177.16 2 0
github.com/bjartek/go-with-the-flow/v2/gwtf/script.go:180.2,180.27 1 0
github.com/bjartek/go-with-the-flow/v2/gwtf/script.go:177.16,178.13 1 0
github.com/bjartek/go-with-the-flow/v2/gwtf/script.go:184.75,186.16 2 0
github.com/bjartek/go-with-the-flow/v2/gwtf/script.go:189.2,189.27 1 0
github.com/bjartek/go-with-the-flow/v2/gwtf/script.go:186.16,187.13 1 0
github.com/bjartek/go-with-the-flow/v2/gwtf/script.go:193.34,196.2 2 0
github.com/bjartek/go-with-the-flow/v2/gwtf/script.go:199.64,206.28 5 2
github.com/bjartek/go-with-the-flow/v2/gwtf/script.go:213.2,218.16 2 2
github.com/bjartek/go-with-the-flow/v2/gwtf/script.go:222.2,223.20 2 2
github.com/bjartek/go-with-the-flow/v2/gwtf/script.go:206.28,208.17 2 2
github.com/bjartek/go-with-the-flow/v2/gwtf/script.go:208.17,210.4 1 0
github.com/bjartek/go-with-the-flow/v2/gwtf/script.go:218.16,220.3 1 0
github.com/bjartek/go-with-the-flow/v2/gwtf/script.go:225.59,227.16 2 2
github.com/bjartek/go-with-the-flow/v2/gwtf/script.go:231.2,231.15 1 2
github.com/bjartek/go-with-the-flow/v2/gwtf/script.go:227.16,230.3 2 0
github.com/bjartek/go-with-the-flow/v2/gwtf/script.go:236.58,238.2 1 0
github.com/bjartek/go-with-the-flow/v2/gwtf/script.go:241.62,243.2 1 2
github.com/bjartek/go-with-the-flow/v2/gwtf/setup.go:27.56,29.2 1 0
github.com/bjartek/go-with-the-flow/v2/gwtf/setup.go:32.42,34.2 1 3
github.com/bjartek/go-with-the-flow/v2/gwtf/setup.go:37.64,40.2 1 0
github.com/bjartek/go-with-the-flow/v2/gwtf/setup.go:43.48,45.2 1 0
github.com/bjartek/go-with-the-flow/v2/gwtf/setup.go:48.46,50.2 1 0
github.com/bjartek/go-with-the-flow/v2/gwtf/setup.go:53.47,55.2 1 0
github.com/bjartek/go-with-the-flow/v2/gwtf/setup.go:58.103,60.16 2 3
github.com/bjartek/go-with-the-flow/v2/gwtf/setup.go:63.2,63.13 1 3
github.com/bjartek/go-with-the-flow/v2/gwtf/setup.go:60.16,62.3 1 0
github.com/bjartek/go-with-the-flow/v2/gwtf/setup.go:67.61,69.2 1 0
github.com/bjartek/go-with-the-flow/v2/gwtf/setup.go:72.62,73.36 1 21
github.com/bjartek/go-with-the-flow/v2/gwtf/setup.go:77.2,78.16 2 21
github.com/bjartek/go-with-the-flow/v2/gwtf/setup.go:82.2,82.16 1 21
github.com/bjartek/go-with-the-flow/v2/gwtf/setup.go:73.36,75.3 1 21
github.com/bjartek/go-with-the-flow/v2/gwtf/setup.go:78.16,80.3 1 0
github.com/bjartek/go-with-the-flow/v2/gwtf/setup.go:87.113,91.16 3 3
github.com/bjartek/go-with-the-flow/v2/gwtf/setup.go:95.2,97.14 3 3
github.com/bjartek/go-with-the-flow/v2/gwtf/setup.go:110.2,116.8 1 3
github.com/bjartek/go-with-the-flow/v2/gwtf/setup.go:91.16,93.3 1 0
github.com/bjartek/go-with-the-flow/v2/gwtf/setup.go:97.14,102.3 3 3
github.com/bjartek/go-with-the-flow/v2/gwtf/setup.go:102.8,105.17 3 0
github.com/bjartek/go-with-the-flow/v2/gwtf/setup.go:108.3,108.52 1 0
github.com/bjartek/go-with-the-flow/v2/gwtf/setup.go:105.17,107.4 1 0
github.com/bjartek/go-with-the-flow/v2/gwtf/asserts.go:17.70,20.31 3 12
github.com/bjartek/go-with-the-flow/v2/gwtf/asserts.go:24.2,28.3 1 12
github.com/bjartek/go-with-the-flow/v2/gwtf/asserts.go:20.31,23.3 2 21
github.com/bjartek/go-with-the-flow/v2/gwtf/asserts.go:31.62,34.2 2 12
github.com/bjartek/go-with-the-flow/v2/gwtf/asserts.go:36.75,40.2 2 1
github.com/bjartek/go-with-the-flow/v2/gwtf/asserts.go:41.63,44.2 2 1
github.com/bjartek/go-with-the-flow/v2/gwtf/asserts.go:46.83,48.30 2 4
github.com/bjartek/go-with-the-flow/v2/gwtf/asserts.go:52.2,52.27 1 4
github.com/bjartek/go-with-the-flow/v2/gwtf/asserts.go:55.2,55.10 1 4
github.com/bjartek/go-with-the-flow/v2/gwtf/asserts.go:48.30,50.3 1 12
github.com/bjartek/go-with-the-flow/v2/gwtf/asserts.go:52.27,54.3 1 6
github.com/bjartek/go-with-the-flow/v2/gwtf/asserts.go:58.87,59.27 1 1
github.com/bjartek/go-with-the-flow/v2/gwtf/asserts.go:62.2,62.10 1 1
github.com/bjartek/go-with-the-flow/v2/gwtf/asserts.go:59.27,61.3 1 1
github.com/bjartek/go-with-the-flow/v2/gwtf/asserts.go:65.80,67.30 2 6
github.com/bjartek/go-with-the-flow/v2/gwtf/asserts.go:73.2,73.29 1 6
github.com/bjartek/go-with-the-flow/v2/gwtf/asserts.go:76.2,76.10 1 6
github.com/bjartek/go-with-the-flow/v2/gwtf/asserts.go:67.30,68.46 1 6
github.com/bjartek/go-with-the-flow/v2/gwtf/asserts.go:68.46,70.4 1 6
github.com/bjartek/go-with-the-flow/v2/gwtf/asserts.go:73.29,75.3 1 6
github.com/bjartek/go-with-the-flow/v2/gwtf/cadence.go:12.59,13.18 1 0
github.com/bjartek/go-with-the-flow/v2/gwtf/cadence.go:16.2,18.16 3 0
github.com/bjartek/go-with-the-flow/v2/gwtf/cadence.go:22.2,22.18 1 0
github.com/bjartek/go-with-the-flow/v2/gwtf/cadence.go:13.18,15.3 1 0
github.com/bjartek/go-with-the-flow/v2/gwtf/cadence.go:18.16,20.3 1 0
github.com/bjartek/go-with-the-flow/v2/gwtf/cadence.go:26.63,27.18 1 33
github.com/bjartek/go-with-the-flow/v2/gwtf/cadence.go:31.2,31.31 1 33
github.com/bjartek/go-with-the-flow/v2/gwtf/cadence.go:27.18,29.3 1 0
github.com/bjartek/go-with-the-flow/v2/gwtf/cadence.go:32.24,33.46 1 5
github.com/bjartek/go-with-the-flow/v2/gwtf/cadence.go:34.26,36.36 2 0
github.com/bjartek/go-with-the-flow/v2/gwtf/cadence.go:43.3,43.16 1 0
github.com/bjartek/go-with-the-flow/v2/gwtf/cadence.go:44.22,47.41 3 0
github.com/bjartek/go-with-the-flow/v2/gwtf/cadence.go:50.3,50.16 1 0
github.com/bjartek/go-with-the-flow/v2/gwtf/cadence.go:51.21,53.37 2 0
github.com/bjartek/go-with-the-flow/v2/gwtf/cadence.go:56.3,56.16 1 0
github.com/bjartek/go-with-the-flow/v2/gwtf/cadence.go:57.10,59.17 2 28
github.com/bjartek/go-with-the-flow/v2/gwtf/cadence.go:62.3,62.16 1 8
github.com/bjartek/go-with-the-flow/v2/gwtf/cadence.go:36.36,38.18 2 0
github.com/bjartek/go-with-the-flow/v2/gwtf/cadence.go:41.4,41.53 1 0
github.com/bjartek/go-with-the-flow/v2/gwtf/cadence.go:38.18,40.5 1 0
github.com/bjartek/go-with-the-flow/v2/gwtf/cadence.go:47.41,49.4 1 0
github.com/bjartek/go-with-the-flow/v2/gwtf/cadence.go:53.37,55.4 1 0
github.com/bjartek/go-with-the-flow/v2/gwtf/cadence.go:59.17,61.4 1 20
github.com/bjartek/go-with-the-flow/v2/gwtf/event.go:35.60,45.2 1 0
github.com/bjartek/go-with-the-flow/v2/gwtf/event.go:48.71,51.2 2 0
github.com/bjartek/go-with-the-flow/v2/gwtf/event.go:54.78,57.2 2 0
github.com/bjartek/go-with-the-flow/v2/gwtf/event.go:60.74,63.2 2 0
github.com/bjartek/go-with-the-flow/v2/gwtf/event.go:66.111,69.2 2 0
github.com/bjartek/go-with-the-flow/v2/gwtf/event.go:72.75,75.2 2 0
github.com/bjartek/go-with-the-flow/v2/gwtf/event.go:78.74,81.2 2 0
github.com/bjartek/go-with-the-flow/v2/gwtf/event.go:84.74,88.2 3 0
github.com/bjartek/go-with-the-flow/v2/gwtf/event.go:91.70,95.2 3 0
github.com/bjartek/go-with-the-flow/v2/gwtf/event.go:98.76,102.2 3 0
github.com/bjartek/go-with-the-flow/v2/gwtf/event.go:105.65,109.2 3 0
github.com/bjartek/go-with-the-flow/v2/gwtf/event.go:112.83,118.2 5 0
github.com/bjartek/go-with-the-flow/v2/gwtf/event.go:120.40,122.16 2 0
github.com/bjartek/go-with-the-flow/v2/gwtf/event.go:125.2,125.24 1 0
github.com/bjartek/go-with-the-flow/v2/gwtf/event.go:128.2,128.18 1 0
github.com/bjartek/go-with-the-flow/v2/gwtf/event.go:122.16,124.3 1 0
github.com/bjartek/go-with-the-flow/v2/gwtf/event.go:125.24,127.3 1 0
github.com/bjartek/go-with-the-flow/v2/gwtf/event.go:131.69,133.16 2 0
github.com/bjartek/go-with-the-flow/v2/gwtf/event.go:136.2,136.12 1 0
github.com/bjartek/go-with-the-flow/v2/gwtf/event.go:133.16,135.3 1 0
github.com/bjartek/go-with-the-flow/v2/gwtf/event.go:139.59,141.16 2 0
github.com/bjartek/go-with-the-flow/v2/gwtf/event.go:145.2,147.46 2 0
github.com/bjartek/go-with-the-flow/v2/gwtf/event.go:141.16,143.3 1 0
github.com/bjartek/go-with-the-flow/v2/gwtf/event.go:152.90,155.16 2 0
github.com/bjartek/go-with-the-flow/v2/gwtf/event.go:159.2,159.59 1 0
github.com/bjartek/go-with-the-flow/v2/gwtf/event.go:155.16,157.3 1 0
github.com/bjartek/go-with-the-flow/v2/gwtf/event.go:163.62,166.26 1 0
github.com/bjartek/go-with-the-flow/v2/gwtf/event.go:188.2,189.26 2 0
github.com/bjartek/go-with-the-flow/v2/gwtf/event.go:197.2,199.22 2 0
github.com/bjartek/go-with-the-flow/v2/gwtf/event.go:203.2,203.19 1 0
github.com/bjartek/go-with-the-flow/v2/gwtf/event.go:207.2,210.43 3 0
github.com/bjartek/go-with-the-flow/v2/gwtf/event.go:214.2,215.16 2 0
github.com/bjartek/go-with-the-flow/v2/gwtf/event.go:219.2,221.26 2 0
github.com/bjartek/go-with-the-flow/v2/gwtf/event.go:227.2,227.49 1 0
github.com/bjartek/go-with-the-flow/v2/gwtf/event.go:231.2,231.28 1 0
github.com/bjartek/go-with-the-flow/v2/gwtf/event.go:166.26,170.17 2 0
github.com/bjartek/go-with-the-flow/v2/gwtf/event.go:173.3,173.15 1 0
github.com/bjartek/go-with-the-flow/v2/gwtf/event.go:170.17,172.4 1 0
github.com/bjartek/go-with-the-flow/v2/gwtf/event.go:173.15,175.18 2 0
github.com/bjartek/go-with-the-flow/v2/gwtf/event.go:178.4,178.19 1 0
github.com/bjartek/go-with-the-flow/v2/gwtf/event.go:175.18,177.5 1 0
github.com/bjartek/go-with-the-flow/v2/gwtf/event.go:179.9,181.18 2 0
github.com/bjartek/go-with-the-flow/v2/gwtf/event.go:184.4,184.27 1 0
github.com/bjartek/go-with-the-flow/v2/gwtf/event.go:181.18,183.5 1 0
github.com/bjartek/go-with-the-flow/v2/gwtf/event.go:189.26,191.17 2 0
github.com/bjartek/go-with-the-flow/v2/gwtf/event.go:194.3,194.25 1 0
github.com/bjartek/go-with-the-flow/v2/gwtf/event.go:191.17,193.4 1 0
github.com/bjartek/go-with-the-flow/v2/gwtf/event.go:199.22,201.3 1 0
github.com/bjartek/go-with-the-flow/v2/gwtf/event.go:203.19,205.3 1 0
github.com/bjartek/go-with-the-flow/v2/gwtf/event.go:210.43,212.3 1 0
github.com/bjartek/go-with-the-flow/v2/gwtf/event.go:215.16,217.3 1 0
github.com/bjartek/go-with-the-flow/v2/gwtf/event.go:221.26,223.17 2 0
github.com/bjartek/go-with-the-flow/v2/gwtf/event.go:223.17,225.4 1 0
github.com/bjartek/go-with-the-flow/v2/gwtf/event.go:227.49,229.3 1 0
github.com/bjartek/go-with-the-flow/v2/gwtf/event.go:236.73,237.21 1 0
github.com/bjartek/go-with-the-flow/v2/gwtf/event.go:241.2,241.31 1 0
github.com/bjartek/go-with-the-flow/v2/gwtf/event.go:252.2,252.21 1 0
github.com/bjartek/go-with-the-flow/v2/gwtf/event.go:237.21,240.3 2 0
github.com/bjartek/go-with-the-flow/v2/gwtf/event.go:241.31,247.17 5 0
github.com/bjartek/go-with-the-flow/v2/gwtf/event.go:250.3,250.41 1 0
github.com/bjartek/go-with-the-flow/v2/gwtf/event.go:247.17,248.14 1 0
github.com/bjartek/go-with-the-flow/v2/gwtf/event.go:252.21,254.3 1 0
github.com/bjartek/go-with-the-flow/v2/gwtf/event.go:258.104,260.41 2 0
github.com/bjartek/go-with-the-flow/v2/gwtf/event.go:266.2,266.15 1 0
github.com/bjartek/go-with-the-flow/v2/gwtf/event.go:260.41,261.43 1 0
github.com/bjartek/go-with-the-flow/v2/gwtf/event.go:261.43,264.4 2 0
github.com/bjartek/go-with-the-flow/v2/gwtf/event.go:270.109,272.63 2 21
github.com/bjartek/go-with-the-flow/v2/gwtf/event.go:275.2,276.44 2 21
github.com/bjartek/go-with-the-flow/v2/gwtf/event.go:290.2,295.3 1 21
github.com/bjartek/go-with-the-flow/v2/gwtf/event.go:272.63,274.3 1 26
github.com/bjartek/go-with-the-flow/v2/gwtf/event.go:276.44,279.44 3 26
github.com/bjartek/go-with-the-flow/v2/gwtf/event.go:284.3,284.11 1 26
github.com/bjartek/go-with-the-flow/v2/gwtf/event.go:288.3,288.53 1 26
github.com/bjartek/go-with-the-flow/v2/gwtf/event.go:279.44,280.27 1 0
github.com/bjartek/go-with-the-flow/v2/gwtf/event.go:280.27,282.5 1 0
github.com/bjartek/go-with-the-flow/v2/gwtf/event.go:284.11,285.12 1 0
github.com/bjartek/go-with-the-flow/v2/gwtf/event.go:306.78,313.2 1 1
github.com/bjartek/go-with-the-flow/v2/gwtf/event.go:316.40,318.16 2 0
github.com/bjartek/go-with-the-flow/v2/gwtf/event.go:321.2,321.18 1 0
github.com/bjartek/go-with-the-flow/v2/gwtf/event.go:318.16,319.13 1 0
github.com/bjartek/go-with-the-flow/v2/gwtf/templates.go:12.54,17.40 5 4
github.com/bjartek/go-with-the-flow/v2/gwtf/templates.go:25.2,25.16 1 4
github.com/bjartek/go-with-the-flow/v2/gwtf/templates.go:17.40,20.23 3 4
github.com/bjartek/go-with-the-flow/v2/gwtf/templates.go:23.3,23.31 1 4
github.com/bjartek/go-with-the-flow/v2/gwtf/templates.go:20.23,22.4 1 4
github.com/bjartek/go-with-the-flow/v2/gwtf/templates.go:28.51,36.16 5 1
github.com/bjartek/go-with-the-flow/v2/gwtf/templates.go:40.2,40.44 1 1
github.com/bjartek/go-with-the-flow/v2/gwtf/templates.go:36.16,38.3 1 0
github.com/bjartek/go-with-the-flow/v2/gwtf/templates.go:43.51,50.2 3 2
github.com/bjartek/go-with-the-flow/v2/gwtf/templates.go:52.48,60.16 5 1
github.com/bjartek/go-with-the-flow/v2/gwtf/templates.go:65.2,67.21 2 1
github.com/bjartek/go-with-the-flow/v2/gwtf/templates.go:60.16,62.3 1 0
github.com/bjartek/go-with-the-flow/v2/gwtf/templates.go:71.79,73.16 2 1
github.com/bjartek/go-with-the-flow/v2/gwtf/templates.go:77.2,77.45 1 1
github.com/bjartek/go-with-the-flow/v2/gwtf/templates.go:73.16,75.3 1 0
github.com/bjartek/go-with-the-flow/v2/gwtf/templates.go:80.41,82.16 2 2
github.com/bjartek/go-with-the-flow/v2/gwtf/templates.go:86.2,88.34 2 2
github.com/bjartek/go-with-the-flow/v2/gwtf/templates.go:82.16,84.3 1 0
github.com/bjartek/go-with-the-flow/v2/gwtf/templates.go:92.85,94.16 2 1
github.com/bjartek/go-with-the-flow/v2/gwtf/templates.go:98.2,99.45 2 1
github.com/bjartek/go-with-the-flow/v2/gwtf/templates.go:94.16,96.3 1 0
github.com/bjartek/go-with-the-flow/v2/gwtf/templates.go:103.88,105.16 2 1
github.com/bjartek/go-with-the-flow/v2/gwtf/templates.go:108.2,110.45 2 1
github.com/bjartek/go-with-the-flow/v2/gwtf/templates.go:105.16,107.3 1 0
github.com/bjartek/go-with-the-flow/v2/gwtf/templates.go:114.89,116.16 2 1
github.com/bjartek/go-with-the-flow/v2/gwtf/templates.go:120.2,120.45 1 1
github.com/bjartek/go-with-the-flow/v2/gwtf/templates.go:116.16,118.3 1 0
github.com/bjartek/go-with-the-flow/v2/gwtf/templates.go:124.80,134.59 1 4
github.com/bjartek/go-with-the-flow/v2/gwtf/templates.go:138.2,139.29 2 4
github.com/bjartek/go-with-the-flow/v2/gwtf/templates.go:155.2,155.12 1 4
github.com/bjartek/go-with-the-flow/v2/gwtf/templates.go:134.59,136.3 1 0
github.com/bjartek/go-with-the-flow/v2/gwtf/templates.go:139.29,150.80 1 4
github.com/bjartek/go-with-the-flow/v2/gwtf/templates.go:150.80,152.4 1 0
github.com/bjartek/go-with-the-flow/v2/gwtf/cadence.go:12.59,13.18 1 5
github.com/bjartek/go-with-the-flow/v2/gwtf/cadence.go:16.2,18.16 3 5
github.com/bjartek/go-with-the-flow/v2/gwtf/cadence.go:22.2,22.18 1 5
github.com/bjartek/go-with-the-flow/v2/gwtf/cadence.go:13.18,15.3 1 0
github.com/bjartek/go-with-the-flow/v2/gwtf/cadence.go:18.16,20.3 1 0
github.com/bjartek/go-with-the-flow/v2/gwtf/cadence.go:26.63,27.18 1 11
github.com/bjartek/go-with-the-flow/v2/gwtf/cadence.go:31.2,31.31 1 10
github.com/bjartek/go-with-the-flow/v2/gwtf/cadence.go:27.18,29.3 1 1
github.com/bjartek/go-with-the-flow/v2/gwtf/cadence.go:32.24,33.46 1 2
github.com/bjartek/go-with-the-flow/v2/gwtf/cadence.go:34.26,36.36 2 1
github.com/bjartek/go-with-the-flow/v2/gwtf/cadence.go:43.3,43.16 1 1
github.com/bjartek/go-with-the-flow/v2/gwtf/cadence.go:44.22,47.41 3 1
github.com/bjartek/go-with-the-flow/v2/gwtf/cadence.go:50.3,50.16 1 1
github.com/bjartek/go-with-the-flow/v2/gwtf/cadence.go:51.21,53.37 2 1
github.com/bjartek/go-with-the-flow/v2/gwtf/cadence.go:56.3,56.16 1 1
github.com/bjartek/go-with-the-flow/v2/gwtf/cadence.go:57.10,59.17 2 5
github.com/bjartek/go-with-the-flow/v2/gwtf/cadence.go:62.3,62.16 1 5
github.com/bjartek/go-with-the-flow/v2/gwtf/cadence.go:36.36,38.18 2 1
github.com/bjartek/go-with-the-flow/v2/gwtf/cadence.go:41.4,41.53 1 1
github.com/bjartek/go-with-the-flow/v2/gwtf/cadence.go:38.18,40.5 1 0
github.com/bjartek/go-with-the-flow/v2/gwtf/cadence.go:47.41,49.4 1 1
github.com/bjartek/go-with-the-flow/v2/gwtf/cadence.go:53.37,55.4 1 2
github.com/bjartek/go-with-the-flow/v2/gwtf/cadence.go:59.17,61.4 1 0
github.com/bjartek/go-with-the-flow/v2/gwtf/event.go:35.60,45.2 1 0
github.com/bjartek/go-with-the-flow/v2/gwtf/event.go:48.71,51.2 2 0
github.com/bjartek/go-with-the-flow/v2/gwtf/event.go:54.78,57.2 2 0
github.com/bjartek/go-with-the-flow/v2/gwtf/event.go:60.74,63.2 2 0
github.com/bjartek/go-with-the-flow/v2/gwtf/event.go:66.111,69.2 2 0
github.com/bjartek/go-with-the-flow/v2/gwtf/event.go:72.75,75.2 2 0
github.com/bjartek/go-with-the-flow/v2/gwtf/event.go:78.74,81.2 2 0
github.com/bjartek/go-with-the-flow/v2/gwtf/event.go:84.74,88.2 3 0
github.com/bjartek/go-with-the-flow/v2/gwtf/event.go:91.70,95.2 3 0
github.com/bjartek/go-with-the-flow/v2/gwtf/event.go:98.76,102.2 3 0
github.com/bjartek/go-with-the-flow/v2/gwtf/event.go:105.65,109.2 3 0
github.com/bjartek/go-with-the-flow/v2/gwtf/event.go:112.83,118.2 5 0
github.com/bjartek/go-with-the-flow/v2/gwtf/event.go:120.40,122.16 2 0
github.com/bjartek/go-with-the-flow/v2/gwtf/event.go:125.2,125.24 1 0
github.com/bjartek/go-with-the-flow/v2/gwtf/event.go:128.2,128.18 1 0
github.com/bjartek/go-with-the-flow/v2/gwtf/event.go:122.16,124.3 1 0
github.com/bjartek/go-with-the-flow/v2/gwtf/event.go:125.24,127.3 1 0
github.com/bjartek/go-with-the-flow/v2/gwtf/event.go:131.69,133.16 2 0
github.com/bjartek/go-with-the-flow/v2/gwtf/event.go:136.2,136.12 1 0
github.com/bjartek/go-with-the-flow/v2/gwtf/event.go:133.16,135.3 1 0
github.com/bjartek/go-with-the-flow/v2/gwtf/event.go:139.59,141.16 2 0
github.com/bjartek/go-with-the-flow/v2/gwtf/event.go:145.2,147.46 2 0
github.com/bjartek/go-with-the-flow/v2/gwtf/event.go:141.16,143.3 1 0
github.com/bjartek/go-with-the-flow/v2/gwtf/event.go:152.90,155.16 2 0
github.com/bjartek/go-with-the-flow/v2/gwtf/event.go:159.2,159.59 1 0
github.com/bjartek/go-with-the-flow/v2/gwtf/event.go:155.16,157.3 1 0
github.com/bjartek/go-with-the-flow/v2/gwtf/event.go:163.62,166.26 1 0
github.com/bjartek/go-with-the-flow/v2/gwtf/event.go:188.2,189.26 2 0
github.com/bjartek/go-with-the-flow/v2/gwtf/event.go:197.2,199.22 2 0
github.com/bjartek/go-with-the-flow/v2/gwtf/event.go:203.2,203.19 1 0
github.com/bjartek/go-with-the-flow/v2/gwtf/event.go:207.2,210.43 3 0
github.com/bjartek/go-with-the-flow/v2/gwtf/event.go:214.2,215.16 2 0
github.com/bjartek/go-with-the-flow/v2/gwtf/event.go:219.2,221.26 2 0
github.com/bjartek/go-with-the-flow/v2/gwtf/event.go:227.2,227.49 1 0
github.com/bjartek/go-with-the-flow/v2/gwtf/event.go:231.2,231.28 1 0
github.com/bjartek/go-with-the-flow/v2/gwtf/event.go:166.26,170.17 2 0
github.com/bjartek/go-with-the-flow/v2/gwtf/event.go:173.3,173.15 1 0
github.com/bjartek/go-with-the-flow/v2/gwtf/event.go:170.17,172.4 1 0
github.com/bjartek/go-with-the-flow/v2/gwtf/event.go:173.15,175.18 2 0
github.com/bjartek/go-with-the-flow/v2/gwtf/event.go:178.4,178.19 1 0
github.com/bjartek/go-with-the-flow/v2/gwtf/event.go:175.18,177.5 1 0
github.com/bjartek/go-with-the-flow/v2/gwtf/event.go:179.9,181.18 2 0
github.com/bjartek/go-with-the-flow/v2/gwtf/event.go:184.4,184.27 1 0
github.com/bjartek/go-with-the-flow/v2/gwtf/event.go:181.18,183.5 1 0
github.com/bjartek/go-with-the-flow/v2/gwtf/event.go:189.26,191.17 2 0
github.com/bjartek/go-with-the-flow/v2/gwtf/event.go:194.3,194.25 1 0
github.com/bjartek/go-with-the-flow/v2/gwtf/event.go:191.17,193.4 1 0
github.com/bjartek/go-with-the-flow/v2/gwtf/event.go:199.22,201.3 1 0
github.com/bjartek/go-with-the-flow/v2/gwtf/event.go:203.19,205.3 1 0
github.com/bjartek/go-with-the-flow/v2/gwtf/event.go:210.43,212.3 1 0
github.com/bjartek/go-with-the-flow/v2/gwtf/event.go:215.16,217.3 1 0
github.com/bjartek/go-with-the-flow/v2/gwtf/event.go:221.26,223.17 2 0
github.com/bjartek/go-with-the-flow/v2/gwtf/event.go:223.17,225.4 1 0
github.com/bjartek/go-with-the-flow/v2/gwtf/event.go:227.49,229.3 1 0
github.com/bjartek/go-with-the-flow/v2/gwtf/event.go:236.73,237.21 1 0
github.com/bjartek/go-with-the-flow/v2/gwtf/event.go:241.2,241.31 1 0
github.com/bjartek/go-with-the-flow/v2/gwtf/event.go:252.2,252.21 1 0
github.com/bjartek/go-with-the-flow/v2/gwtf/event.go:237.21,240.3 2 0
github.com/bjartek/go-with-the-flow/v2/gwtf/event.go:241.31,247.17 5 0
github.com/bjartek/go-with-the-flow/v2/gwtf/event.go:250.3,250.41 1 0
github.com/bjartek/go-with-the-flow/v2/gwtf/event.go:247.17,248.14 1 0
github.com/bjartek/go-with-the-flow/v2/gwtf/event.go:252.21,254.3 1 0
github.com/bjartek/go-with-the-flow/v2/gwtf/event.go:258.104,260.41 2 0
github.com/bjartek/go-with-the-flow/v2/gwtf/event.go:266.2,266.15 1 0
github.com/bjartek/go-with-the-flow/v2/gwtf/event.go:260.41,261.43 1 0
github.com/bjartek/go-with-the-flow/v2/gwtf/event.go:261.43,264.4 2 0
github.com/bjartek/go-with-the-flow/v2/gwtf/event.go:270.109,272.63 2 0
github.com/bjartek/go-with-the-flow/v2/gwtf/event.go:275.2,276.44 2 0
github.com/bjartek/go-with-the-flow/v2/gwtf/event.go:290.2,295.3 1 0
github.com/bjartek/go-with-the-flow/v2/gwtf/event.go:272.63,274.3 1 0
github.com/bjartek/go-with-the-flow/v2/gwtf/event.go:276.44,279.44 3 0
github.com/bjartek/go-with-the-flow/v2/gwtf/event.go:284.3,284.11 1 0
github.com/bjartek/go-with-the-flow/v2/gwtf/event.go:288.3,288.53 1 0
github.com/bjartek/go-with-the-flow/v2/gwtf/event.go:279.44,280.27 1 0
github.com/bjartek/go-with-the-flow/v2/gwtf/event.go:280.27,282.5 1 0
github.com/bjartek/go-with-the-flow/v2/gwtf/event.go:284.11,285.12 1 0
github.com/bjartek/go-with-the-flow/v2/gwtf/event.go:306.78,313.2 1 0
github.com/bjartek/go-with-the-flow/v2/gwtf/event.go:316.40,318.16 2 0
github.com/bjartek/go-with-the-flow/v2/gwtf/event.go:321.2,321.18 1 0
github.com/bjartek/go-with-the-flow/v2/gwtf/event.go:318.16,319.13 1 0
github.com/bjartek/go-with-the-flow/v2/gwtf/script.go:23.66,30.2 1 4
github.com/bjartek/go-with-the-flow/v2/gwtf/script.go:33.75,40.2 1 0
github.com/bjartek/go-with-the-flow/v2/gwtf/script.go:43.74,48.2 3 0
github.com/bjartek/go-with-the-flow/v2/gwtf/script.go:51.77,56.2 3 0
github.com/bjartek/go-with-the-flow/v2/gwtf/script.go:59.108,61.2 1 1
github.com/bjartek/go-with-the-flow/v2/gwtf/script.go:64.76,67.2 2 24
github.com/bjartek/go-with-the-flow/v2/gwtf/script.go:70.75,72.2 1 1
github.com/bjartek/go-with-the-flow/v2/gwtf/script.go:75.74,77.2 1 1
github.com/bjartek/go-with-the-flow/v2/gwtf/script.go:80.74,82.2 1 1
github.com/bjartek/go-with-the-flow/v2/gwtf/script.go:85.69,87.2 1 1
github.com/bjartek/go-with-the-flow/v2/gwtf/script.go:90.71,92.2 1 1
github.com/bjartek/go-with-the-flow/v2/gwtf/script.go:95.73,97.2 1 1
github.com/bjartek/go-with-the-flow/v2/gwtf/script.go:100.73,102.2 1 1
github.com/bjartek/go-with-the-flow/v2/gwtf/script.go:105.73,107.2 1 1
github.com/bjartek/go-with-the-flow/v2/gwtf/script.go:110.72,112.2 1 1
github.com/bjartek/go-with-the-flow/v2/gwtf/script.go:115.72,117.2 1 1
github.com/bjartek/go-with-the-flow/v2/gwtf/script.go:120.71,122.2 1 1
github.com/bjartek/go-with-the-flow/v2/gwtf/script.go:125.73,127.2 1 1
github.com/bjartek/go-with-the-flow/v2/gwtf/script.go:130.75,132.2 1 1
github.com/bjartek/go-with-the-flow/v2/gwtf/script.go:135.75,137.2 1 1
github.com/bjartek/go-with-the-flow/v2/gwtf/script.go:140.75,142.2 1 1
github.com/bjartek/go-with-the-flow/v2/gwtf/script.go:145.74,147.2 1 1
github.com/bjartek/go-with-the-flow/v2/gwtf/script.go:150.74,152.2 1 1
github.com/bjartek/go-with-the-flow/v2/gwtf/script.go:155.73,157.2 1 1
github.com/bjartek/go-with-the-flow/v2/gwtf/script.go:160.75,162.2 1 1
github.com/bjartek/go-with-the-flow/v2/gwtf/script.go:165.75,167.2 1 1
github.com/bjartek/go-with-the-flow/v2/gwtf/script.go:170.75,172.2 1 1
github.com/bjartek/go-with-the-flow/v2/gwtf/script.go:175.74,177.16 2 1
github.com/bjartek/go-with-the-flow/v2/gwtf/script.go:180.2,180.27 1 1
github.com/bjartek/go-with-the-flow/v2/gwtf/script.go:177.16,178.13 1 0
github.com/bjartek/go-with-the-flow/v2/gwtf/script.go:184.75,186.16 2 2
github.com/bjartek/go-with-the-flow/v2/gwtf/script.go:189.2,189.27 1 2
github.com/bjartek/go-with-the-flow/v2/gwtf/script.go:186.16,187.13 1 0
github.com/bjartek/go-with-the-flow/v2/gwtf/script.go:193.34,196.2 2 0
github.com/bjartek/go-with-the-flow/v2/gwtf/script.go:199.64,206.28 5 0
github.com/bjartek/go-with-the-flow/v2/gwtf/script.go:213.2,218.16 2 0
github.com/bjartek/go-with-the-flow/v2/gwtf/script.go:222.2,223.20 2 0
github.com/bjartek/go-with-the-flow/v2/gwtf/script.go:206.28,208.17 2 0
github.com/bjartek/go-with-the-flow/v2/gwtf/script.go:208.17,210.4 1 0
github.com/bjartek/go-with-the-flow/v2/gwtf/script.go:218.16,220.3 1 0
github.com/bjartek/go-with-the-flow/v2/gwtf/script.go:225.59,227.16 2 0
github.com/bjartek/go-with-the-flow/v2/gwtf/script.go:231.2,231.15 1 0
github.com/bjartek/go-with-the-flow/v2/gwtf/script.go:227.16,230.3 2 0
github.com/bjartek/go-with-the-flow/v2/gwtf/script.go:236.58,238.2 1 0
github.com/bjartek/go-with-the-flow/v2/gwtf/script.go:241.62,243.2 1 0
github.com/bjartek/go-with-the-flow/v2/gwtf/account.go:12.77,15.16 3 0
github.com/bjartek/go-with-the-flow/v2/gwtf/account.go:19.2,24.39 4 0
github.com/bjartek/go-with-the-flow/v2/gwtf/account.go:54.2,54.10 1 0
github.com/bjartek/go-with-the-flow/v2/gwtf/account.go:15.16,17.3 1 0
github.com/bjartek/go-with-the-flow/v2/gwtf/account.go:24.39,28.17 3 0
github.com/bjartek/go-with-the-flow/v2/gwtf/account.go:32.3,32.71 1 0
github.com/bjartek/go-with-the-flow/v2/gwtf/account.go:37.3,44.17 2 0
github.com/bjartek/go-with-the-flow/v2/gwtf/account.go:48.3,48.37 1 0
github.com/bjartek/go-with-the-flow/v2/gwtf/account.go:52.3,52.57 1 0
github.com/bjartek/go-with-the-flow/v2/gwtf/account.go:28.17,30.4 1 0
github.com/bjartek/go-with-the-flow/v2/gwtf/account.go:32.71,34.12 2 0
github.com/bjartek/go-with-the-flow/v2/gwtf/account.go:44.17,46.4 1 0
github.com/bjartek/go-with-the-flow/v2/gwtf/account.go:48.37,50.4 1 0
github.com/bjartek/go-with-the-flow/v2/gwtf/account.go:58.62,60.71 2 0
github.com/bjartek/go-with-the-flow/v2/gwtf/account.go:64.2,64.10 1 0
github.com/bjartek/go-with-the-flow/v2/gwtf/account.go:60.71,62.3 1 0
github.com/bjartek/go-with-the-flow/v2/gwtf/asserts.go:17.70,20.31 3 0
github.com/bjartek/go-with-the-flow/v2/gwtf/asserts.go:24.2,28.3 1 0
github.com/bjartek/go-with-the-flow/v2/gwtf/asserts.go:20.31,23.3 2 0
github.com/bjartek/go-with-the-flow/v2/gwtf/asserts.go:31.62,34.2 2 0
github.com/bjartek/go-with-the-flow/v2/gwtf/asserts.go:36.75,40.2 2 0
github.com/bjartek/go-with-the-flow/v2/gwtf/asserts.go:41.63,44.2 2 0
github.com/bjartek/go-with-the-flow/v2/gwtf/asserts.go:46.83,48.30 2 0
github.com/bjartek/go-with-the-flow/v2/gwtf/asserts.go:52.2,52.27 1 0
github.com/bjartek/go-with-the-flow/v2/gwtf/asserts.go:55.2,55.10 1 0
github.com/bjartek/go-with-the-flow/v2/gwtf/asserts.go:48.30,50.3 1 0
github.com/bjartek/go-with-the-flow/v2/gwtf/asserts.go:52.27,54.3 1 0
github.com/bjartek/go-with-the-flow/v2/gwtf/asserts.go:58.87,59.27 1 0
github.com/bjartek/go-with-the-flow/v2/gwtf/asserts.go:62.2,62.10 1 0
github.com/bjartek/go-with-the-flow/v2/gwtf/asserts.go:59.27,61.3 1 0
github.com/bjartek/go-with-the-flow/v2/gwtf/asserts.go:65.80,67.30 2 0
github.com/bjartek/go-with-the-flow/v2/gwtf/asserts.go:73.2,73.29 1 0
github.com/bjartek/go-with-the-flow/v2/gwtf/asserts.go:76.2,76.10 1 0
github.com/bjartek/go-with-the-flow/v2/gwtf/asserts.go:67.30,68.46 1 0
github.com/bjartek/go-with-the-flow/v2/gwtf/asserts.go:68.46,70.4 1 0
github.com/bjartek/go-with-the-flow/v2/gwtf/asserts.go:73.29,75.3 1 0
github.com/bjartek/go-with-the-flow/v2/gwtf/discord.go:18.51,26.2 3 0
github.com/bjartek/go-with-the-flow/v2/gwtf/discord.go:29.99,31.16 2 0
github.com/bjartek/go-with-the-flow/v2/gwtf/discord.go:35.2,41.16 2 0
github.com/bjartek/go-with-the-flow/v2/gwtf/discord.go:44.2,44.20 1 0
github.com/bjartek/go-with-the-flow/v2/gwtf/discord.go:31.16,33.3 1 0
github.com/bjartek/go-with-the-flow/v2/gwtf/discord.go:41.16,43.3 1 0
github.com/bjartek/go-with-the-flow/v2/gwtf/discord.go:48.78,50.31 2 0
github.com/bjartek/go-with-the-flow/v2/gwtf/discord.go:70.2,72.3 1 0
github.com/bjartek/go-with-the-flow/v2/gwtf/discord.go:50.31,53.41 2 0
github.com/bjartek/go-with-the-flow/v2/gwtf/discord.go:60.3,67.5 1 0
github.com/bjartek/go-with-the-flow/v2/gwtf/discord.go:53.41,58.4 1 0
github.com/bjartek/go-with-the-flow/v2/gwtf/setup.go:27.56,29.2 1 0
github.com/bjartek/go-with-the-flow/v2/gwtf/setup.go:32.42,34.2 1 0
github.com/bjartek/go-with-the-flow/v2/gwtf/setup.go:37.64,40.2 1 0
github.com/bjartek/go-with-the-flow/v2/gwtf/setup.go:43.48,45.2 1 0
github.com/bjartek/go-with-the-flow/v2/gwtf/setup.go:48.46,50.2 1 0
github.com/bjartek/go-with-the-flow/v2/gwtf/setup.go:53.47,55.2 1 0
github.com/bjartek/go-with-the-flow/v2/gwtf/setup.go:58.103,60.16 2 2
github.com/bjartek/go-with-the-flow/v2/gwtf/setup.go:63.2,63.13 1 2
github.com/bjartek/go-with-the-flow/v2/gwtf/setup.go:60.16,62.3 1 0
github.com/bjartek/go-with-the-flow/v2/gwtf/setup.go:67.61,69.2 1 0
github.com/bjartek/go-with-the-flow/v2/gwtf/setup.go:72.62,73.36 1 0
github.com/bjartek/go-with-the-flow/v2/gwtf/setup.go:77.2,78.16 2 0
github.com/bjartek/go-with-the-flow/v2/gwtf/setup.go:82.2,82.16 1 0
github.com/bjartek/go-with-the-flow/v2/gwtf/setup.go:73.36,75.3 1 0
github.com/bjartek/go-with-the-flow/v2/gwtf/setup.go:78.16,80.3 1 0
github.com/bjartek/go-with-the-flow/v2/gwtf/setup.go:87.113,91.16 3 2
github.com/bjartek/go-with-the-flow/v2/gwtf/setup.go:95.2,97.14 3 2
github.com/bjartek/go-with-the-flow/v2/gwtf/setup.go:110.2,116.8 1 2
github.com/bjartek/go-with-the-flow/v2/gwtf/setup.go:91.16,93.3 1 0
github.com/bjartek/go-with-the-flow/v2/gwtf/setup.go:97.14,102.3 3 2
github.com/bjartek/go-with-the-flow/v2/gwtf/setup.go:102.8,105.17 3 0
github.com/bjartek/go-with-the-flow/v2/gwtf/setup.go:108.3,108.52 1 0
github.com/bjartek/go-with-the-flow/v2/gwtf/setup.go:105.17,107.4 1 0
github.com/bjartek/go-with-the-flow/v2/gwtf/templates.go:12.54,17.40 5 0
github.com/bjartek/go-with-the-flow/v2/gwtf/templates.go:25.2,25.16 1 0
github.com/bjartek/go-with-the-flow/v2/gwtf/templates.go:17.40,20.23 3 0
github.com/bjartek/go-with-the-flow/v2/gwtf/templates.go:23.3,23.31 1 0
github.com/bjartek/go-with-the-flow/v2/gwtf/templates.go:20.23,22.4 1 0
github.com/bjartek/go-with-the-flow/v2/gwtf/templates.go:28.51,36.16 5 0
github.com/bjartek/go-with-the-flow/v2/gwtf/templates.go:40.2,40.44 1 0
github.com/bjartek/go-with-the-flow/v2/gwtf/templates.go:36.16,38.3 1 0
github.com/bjartek/go-with-the-flow/v2/gwtf/templates.go:43.51,50.2 3 0
github.com/bjartek/go-with-the-flow/v2/gwtf/templates.go:52.48,60.16 5 0
github.com/bjartek/go-with-the-flow/v2/gwtf/templates.go:65.2,67.21 2 0
github.com/bjartek/go-with-the-flow/v2/gwtf/templates.go:60.16,62.3 1 0
github.com/bjartek/go-with-the-flow/v2/gwtf/templates.go:71.79,73.16 2 0
github.com/bjartek/go-with-the-flow/v2/gwtf/templates.go:77.2,77.45 1 0
github.com/bjartek/go-with-the-flow/v2/gwtf/templates.go:73.16,75.3 1 0
github.com/bjartek/go-with-the-flow/v2/gwtf/templates.go:80.41,82.16 2 0
github.com/bjartek/go-with-the-flow/v2/gwtf/templates.go:86.2,88.34 2 0
github.com/bjartek/go-with-the-flow/v2/gwtf/templates.go:82.16,84.3 1 0
github.com/bjartek/go-with-the-flow/v2/gwtf/templates.go:92.85,94.16 2 0
github.com/bjartek/go-with-the-flow/v2/gwtf/templates.go:98.2,99.45 2 0
github.com/bjartek/go-with-the-flow/v2/gwtf/templates.go:94.16,96.3 1 0
github.com/bjartek/go-with-the-flow/v2/gwtf/templates.go:103.88,105.16 2 0
github.com/bjartek/go-with-the-flow/v2/gwtf/templates.go:108.2,110.45 2 0
github.com/bjartek/go-with-the-flow/v2/gwtf/templates.go:105.16,107.3 1 0
github.com/bjartek/go-with-the-flow/v2/gwtf/templates.go:114.89,116.16 2 0
github.com/bjartek/go-with-the-flow/v2/gwtf/templates.go:120.2,120.45 1 0
github.com/bjartek/go-with-the-flow/v2/gwtf/templates.go:116.16,118.3 1 0
github.com/bjartek/go-with-the-flow/v2/gwtf/templates.go:124.80,134.59 1 0
github.com/bjartek/go-with-the-flow/v2/gwtf/templates.go:138.2,139.29 2 0
github.com/bjartek/go-with-the-flow/v2/gwtf/templates.go:155.2,155.12 1 0
github.com/bjartek/go-with-the-flow/v2/gwtf/templates.go:134.59,136.3 1 0
github.com/bjartek/go-with-the-flow/v2/gwtf/templates.go:139.29,150.80 1 0
github.com/bjartek/go-with-the-flow/v2/gwtf/templates.go:150.80,152.4 1 0
github.com/bjartek/go-with-the-flow/v2/gwtf/transaction.go:16.85,25.2 1 0
github.com/bjartek/go-with-the-flow/v2/gwtf/transaction.go:28.76,38.2 1 4
github.com/bjartek/go-with-the-flow/v2/gwtf/transaction.go:41.74,44.2 2 0
github.com/bjartek/go-with-the-flow/v2/gwtf/transaction.go:47.91,50.2 2 0
github.com/bjartek/go-with-the-flow/v2/gwtf/transaction.go:53.85,56.16 3 0
github.com/bjartek/go-with-the-flow/v2/gwtf/transaction.go:59.2,60.10 2 0
github.com/bjartek/go-with-the-flow/v2/gwtf/transaction.go:56.16,58.3 1 0
github.com/bjartek/go-with-the-flow/v2/gwtf/transaction.go:64.87,68.2 3 0
github.com/bjartek/go-with-the-flow/v2/gwtf/transaction.go:71.84,76.2 3 0
github.com/bjartek/go-with-the-flow/v2/gwtf/transaction.go:79.85,81.2 1 0
github.com/bjartek/go-with-the-flow/v2/gwtf/transaction.go:84.84,86.2 1 1
github.com/bjartek/go-with-the-flow/v2/gwtf/transaction.go:89.84,91.2 1 1
github.com/bjartek/go-with-the-flow/v2/gwtf/transaction.go:94.79,96.2 1 1
github.com/bjartek/go-with-the-flow/v2/gwtf/transaction.go:99.81,101.2 1 1
github.com/bjartek/go-with-the-flow/v2/gwtf/transaction.go:104.83,106.2 1 1
github.com/bjartek/go-with-the-flow/v2/gwtf/transaction.go:109.83,111.2 1 1
github.com/bjartek/go-with-the-flow/v2/gwtf/transaction.go:114.83,116.2 1 1
github.com/bjartek/go-with-the-flow/v2/gwtf/transaction.go:119.82,121.2 1 1
github.com/bjartek/go-with-the-flow/v2/gwtf/transaction.go:124.82,126.2 1 1
github.com/bjartek/go-with-the-flow/v2/gwtf/transaction.go:129.81,131.2 1 1
github.com/bjartek/go-with-the-flow/v2/gwtf/transaction.go:134.83,136.2 1 1
github.com/bjartek/go-with-the-flow/v2/gwtf/transaction.go:139.85,141.2 1 1
github.com/bjartek/go-with-the-flow/v2/gwtf/transaction.go:144.85,146.2 1 1
github.com/bjartek/go-with-the-flow/v2/gwtf/transaction.go:149.85,151.2 1 1
github.com/bjartek/go-with-the-flow/v2/gwtf/transaction.go:154.84,156.2 1 1
github.com/bjartek/go-with-the-flow/v2/gwtf/transaction.go:159.84,161.2 1 1
github.com/bjartek/go-with-the-flow/v2/gwtf/transaction.go:164.83,166.2 1 1
github.com/bjartek/go-with-the-flow/v2/gwtf/transaction.go:169.85,171.2 1 1
github.com/bjartek/go-with-the-flow/v2/gwtf/transaction.go:174.85,176.2 1 1
github.com/bjartek/go-with-the-flow/v2/gwtf/transaction.go:179.85,181.2 1 1
github.com/bjartek/go-with-the-flow/v2/gwtf/transaction.go:184.84,186.16 2 1
github.com/bjartek/go-with-the-flow/v2/gwtf/transaction.go:189.2,189.27 1 1
github.com/bjartek/go-with-the-flow/v2/gwtf/transaction.go:186.16,187.13 1 0
github.com/bjartek/go-with-the-flow/v2/gwtf/transaction.go:193.118,195.2 1 1
github.com/bjartek/go-with-the-flow/v2/gwtf/transaction.go:197.59,199.16 2 2
github.com/bjartek/go-with-the-flow/v2/gwtf/transaction.go:203.2,205.16 3 2
github.com/bjartek/go-with-the-flow/v2/gwtf/transaction.go:209.2,209.38 1 2
github.com/bjartek/go-with-the-flow/v2/gwtf/transaction.go:199.16,200.13 1 0
github.com/bjartek/go-with-the-flow/v2/gwtf/transaction.go:205.16,206.13 1 0
github.com/bjartek/go-with-the-flow/v2/gwtf/transaction.go:213.85,215.16 2 2
github.com/bjartek/go-with-the-flow/v2/gwtf/transaction.go:218.2,218.27 1 2
github.com/bjartek/go-with-the-flow/v2/gwtf/transaction.go:215.16,216.13 1 0
github.com/bjartek/go-with-the-flow/v2/gwtf/transaction.go:222.86,225.2 2 23
github.com/bjartek/go-with-the-flow/v2/gwtf/transaction.go:228.84,232.2 3 0
github.com/bjartek/go-with-the-flow/v2/gwtf/transaction.go:235.54,237.2 1 0
github.com/bjartek/go-with-the-flow/v2/gwtf/transaction.go:240.82,242.2 1 0
github.com/bjartek/go-with-the-flow/v2/gwtf/transaction.go:245.52,247.16 2 0
github.com/bjartek/go-with-the-flow/v2/gwtf/transaction.go:251.2,251.15 1 0
github.com/bjartek/go-with-the-flow/v2/gwtf/transaction.go:247.16,250.3 2 0
github.com/bjartek/go-with-the-flow/v2/gwtf/transaction.go:255.62,256.25 1 0
github.com/bjartek/go-with-the-flow/v2/gwtf/transaction.go:260.2,262.16 3 0
github.com/bjartek/go-with-the-flow/v2/gwtf/transaction.go:266.2,271.33 4 0
github.com/bjartek/go-with-the-flow/v2/gwtf/transaction.go:275.2,286.16 2 0
github.com/bjartek/go-with-the-flow/v2/gwtf/transaction.go:290.2,290.33 1 0
github.com/bjartek/go-with-the-flow/v2/gwtf/transaction.go:302.2,308.16 6 0
github.com/bjartek/go-with-the-flow/v2/gwtf/transaction.go:312.2,312.22 1 0
github.com/bjartek/go-with-the-flow/v2/gwtf/transaction.go:316.2,317.24 2 0
github.com/bjartek/go-with-the-flow/v2/gwtf/transaction.go:256.25,258.3 1 0
github.com/bjartek/go-with-the-flow/v2/gwtf/transaction.go:262.16,264.3 1 0
github.com/bjartek/go-with-the-flow/v2/gwtf/transaction.go:271.33,273.3 1 0
github.com/bjartek/go-with-the-flow/v2/gwtf/transaction.go:286.16,288.3 1 0
github.com/bjartek/go-with-the-flow/v2/gwtf/transaction.go:290.33,292.17 2 0
github.com/bjartek/go-with-the-flow/v2/gwtf/transaction.go:296.3,297.17 2 0
github.com/bjartek/go-with-the-flow/v2/gwtf/transaction.go:292.17,294.4 1 0
github.com/bjartek/go-with-the-flow/v2/gwtf/transaction.go:297.17,299.4 1 0
github.com/bjartek/go-with-the-flow/v2/gwtf/transaction.go:308.16,310.3 1 0
github.com/bjartek/go-with-the-flow/v2/gwtf/transaction.go:312.22,314.3 1 0
github.com/bjartek/go-with-the-flow/v2/gwtf/transaction.go:320.86,323.21 3 0
github.com/bjartek/go-with-the-flow/v2/gwtf/transaction.go:329.2,329.18 1 0
github.com/bjartek/go-with-the-flow/v2/gwtf/transaction.go:323.21,325.17 2 0
github.com/bjartek/go-with-the-flow/v2/gwtf/transaction.go:325.17,327.4 1 0
